<?xml version="1.0" encoding="UTF-8"?>
<!-- Generated by org.testng.reporters.JUnitReportReporter -->
<testsuite hostname="Raja" name="com.imdb.test.testcase.Test_Cases" tests="3" failures="0" timestamp="3 Oct 2016 19:48:37 GMT" time="54.917" errors="0">
  <testcase name="TC_1" time="0.381" classname="com.imdb.test.testcase.Test_Cases"/>
  <testcase name="TC_2" time="22.952" classname="com.imdb.test.testcase.Test_Cases"/>
  <testcase name="TC_3" time="31.584" classname="com.imdb.test.testcase.Test_Cases"/>
</testsuite> <!-- com.imdb.test.testcase.Test_Cases -->
